  skybox_shader.cpp
E:\game_project\ComputerGraphicLearn\ToyRenderer\ToyRenderer\ToyRenderer\model\tgaimage.h(60,59): warning C4244: “=”: 从“float”转换到“unsigned char”，可能丢失数据
E:\game_project\ComputerGraphicLearn\ToyRenderer\ToyRenderer\ToyRenderer\camera\camera.h(20,21): warning C4305: “初始化”: 从“double”到“float”截断
E:\game_project\ComputerGraphicLearn\ToyRenderer\ToyRenderer\ToyRenderer\shader\skybox_shader.cpp(46,13): warning C4244: “初始化”: 从“double”转换到“float”，可能丢失数据
E:\game_project\ComputerGraphicLearn\ToyRenderer\ToyRenderer\ToyRenderer\shader\skybox_shader.cpp(47,10): warning C4244: “初始化”: 从“double”转换到“float”，可能丢失数据
E:\game_project\ComputerGraphicLearn\ToyRenderer\ToyRenderer\ToyRenderer\shader\skybox_shader.cpp(48,10): warning C4244: “初始化”: 从“double”转换到“float”，可能丢失数据
E:\game_project\ComputerGraphicLearn\ToyRenderer\ToyRenderer\ToyRenderer\shader\skybox_shader.cpp(54,26): warning C4244: “=”: 从“double”转换到“float”，可能丢失数据
E:\game_project\ComputerGraphicLearn\ToyRenderer\ToyRenderer\ToyRenderer\shader\skybox_shader.cpp(55,22): warning C4244: “-=”: 从“double”转换到“float”，可能丢失数据
E:\game_project\ComputerGraphicLearn\ToyRenderer\ToyRenderer\ToyRenderer\shader\skybox_shader.cpp(56,22): warning C4244: “+=”: 从“double”转换到“float”，可能丢失数据
E:\game_project\ComputerGraphicLearn\ToyRenderer\ToyRenderer\ToyRenderer\shader\skybox_shader.cpp(61,26): warning C4244: “=”: 从“double”转换到“float”，可能丢失数据
E:\game_project\ComputerGraphicLearn\ToyRenderer\ToyRenderer\ToyRenderer\shader\skybox_shader.cpp(62,23): warning C4244: “+=”: 从“double”转换到“float”，可能丢失数据
E:\game_project\ComputerGraphicLearn\ToyRenderer\ToyRenderer\ToyRenderer\shader\skybox_shader.cpp(63,23): warning C4244: “+=”: 从“double”转换到“float”，可能丢失数据
E:\game_project\ComputerGraphicLearn\ToyRenderer\ToyRenderer\ToyRenderer\shader\skybox_shader.cpp(71,26): warning C4244: “=”: 从“double”转换到“float”，可能丢失数据
E:\game_project\ComputerGraphicLearn\ToyRenderer\ToyRenderer\ToyRenderer\shader\skybox_shader.cpp(72,23): warning C4244: “+=”: 从“double”转换到“float”，可能丢失数据
E:\game_project\ComputerGraphicLearn\ToyRenderer\ToyRenderer\ToyRenderer\shader\skybox_shader.cpp(73,23): warning C4244: “-=”: 从“double”转换到“float”，可能丢失数据
E:\game_project\ComputerGraphicLearn\ToyRenderer\ToyRenderer\ToyRenderer\shader\skybox_shader.cpp(78,26): warning C4244: “=”: 从“double”转换到“float”，可能丢失数据
E:\game_project\ComputerGraphicLearn\ToyRenderer\ToyRenderer\ToyRenderer\shader\skybox_shader.cpp(79,23): warning C4244: “+=”: 从“double”转换到“float”，可能丢失数据
E:\game_project\ComputerGraphicLearn\ToyRenderer\ToyRenderer\ToyRenderer\shader\skybox_shader.cpp(80,23): warning C4244: “+=”: 从“double”转换到“float”，可能丢失数据
E:\game_project\ComputerGraphicLearn\ToyRenderer\ToyRenderer\ToyRenderer\shader\skybox_shader.cpp(88,26): warning C4244: “=”: 从“double”转换到“float”，可能丢失数据
E:\game_project\ComputerGraphicLearn\ToyRenderer\ToyRenderer\ToyRenderer\shader\skybox_shader.cpp(89,23): warning C4244: “-=”: 从“double”转换到“float”，可能丢失数据
E:\game_project\ComputerGraphicLearn\ToyRenderer\ToyRenderer\ToyRenderer\shader\skybox_shader.cpp(90,23): warning C4244: “+=”: 从“double”转换到“float”，可能丢失数据
E:\game_project\ComputerGraphicLearn\ToyRenderer\ToyRenderer\ToyRenderer\shader\skybox_shader.cpp(95,26): warning C4244: “=”: 从“double”转换到“float”，可能丢失数据
E:\game_project\ComputerGraphicLearn\ToyRenderer\ToyRenderer\ToyRenderer\shader\skybox_shader.cpp(96,23): warning C4244: “+=”: 从“double”转换到“float”，可能丢失数据
E:\game_project\ComputerGraphicLearn\ToyRenderer\ToyRenderer\ToyRenderer\shader\skybox_shader.cpp(97,23): warning C4244: “+=”: 从“double”转换到“float”，可能丢失数据
  ToyRenderer.vcxproj -> E:\game_project\ComputerGraphicLearn\ToyRenderer\ToyRenderer\Debug\ToyRenderer.exe
